Arguments: 
  /Users/bnryans/.nodenv/versions/10.16.0/bin/node /Users/bnryans/.nodenv/versions/10.16.0/bin/yarn

PATH: 
  /Users/bnryans/.nodenv/versions/10.16.0/bin:/opt/brew/Cellar/nodenv/1.3.2/libexec:/Users/bnryans/mdproxy/bin:/Users/bnryans/.nodenv/shims:/Users/bnryans/.rbenv/shims:/usr/local/git/current/bin:/usr/local/bin:/usr/bin:/bin:/usr/local/sbin:/usr/sbin:/sbin:/opt/X11/bin:/Library/Apple/usr/bin:/Users/bnryans/mdproxy/bin:/Users/bnryans/.nodenv/shims:/Users/bnryans/.rbenv/shims:/opt/brew/bin:/opt/brew/sbin

Yarn version: 
  1.22.4

Node version: 
  10.16.0

Platform: 
  darwin x64

Trace: 
  Error: https://registry.yarnpkg.com/@looker%2fapi-explorer: Not found
      at Request.params.callback [as _callback] (/Users/bnryans/.nodenv/versions/10.16.0/lib/node_modules/yarn/lib/cli.js:66987:18)
      at Request.self.callback (/Users/bnryans/.nodenv/versions/10.16.0/lib/node_modules/yarn/lib/cli.js:140748:22)
      at Request.emit (events.js:198:13)
      at Request.<anonymous> (/Users/bnryans/.nodenv/versions/10.16.0/lib/node_modules/yarn/lib/cli.js:141720:10)
      at Request.emit (events.js:198:13)
      at IncomingMessage.<anonymous> (/Users/bnryans/.nodenv/versions/10.16.0/lib/node_modules/yarn/lib/cli.js:141642:12)
      at Object.onceWrapper (events.js:286:20)
      at IncomingMessage.emit (events.js:203:15)
      at endReadableNT (_stream_readable.js:1129:12)
      at process._tickCallback (internal/process/next_tick.js:63:19)

npm manifest: 
  {
    "name": "@looker/extension-template-helloworld",
    "version": "1.0.0",
    "description": "Looker Extension SDK Hello World TypeScript Demo",
    "main": "dist/bundle.js",
    "license": "MIT",
    "scripts": {
      "bundle": "tsc && webpack --config webpack.prod.config.js",
      "start": "webpack-dev-server --hot --disable-host-check --port 8080 --config webpack.dev.config.js"
    },
    "dependencies": {
      "@looker/api-explorer": "^0.1.0-alpha",
      "@looker/components": "^0.9.11",
      "@looker/extension-sdk": "^0.10.0",
      "@looker/extension-sdk-react": "^0.6.0",
      "react": "^16.13.1",
      "react-dom": "^16.13.1",
      "react-hot-loader": "^4.12.21"
    },
    "resolutions": {
      "typescript": "3.8.2"
    },
    "devDependencies": {
      "@looker/components-test-utils": "^0.9.10",
      "@testing-library/react": "^10.4.9",
      "@types/react": "^16.9.46",
      "@types/react-dom": "^16.9.8"
    }
  }

yarn manifest: 
  No manifest

Lockfile: 
  No lockfile
